Start testing: Dec 11 09:46 UTC
----------------------------------------------------------
1/1 Testing: toDoTest
1/1 Test: toDoTest
Command: "/home/god_admin/github/playgroud/cpp/hellocmake/build/toDo"
Directory: /home/god_admin/github/playgroud/cpp/hellocmake/build
"toDoTest" start time: Dec 11 09:46 UTC
Output:
----------------------------------------------------------
Test passed
<end of output>
Test time =   0.01 sec
----------------------------------------------------------
Test Passed.
"toDoTest" end time: Dec 11 09:46 UTC
"toDoTest" time elapsed: 00:00:00
----------------------------------------------------------

End testing: Dec 11 09:46 UTC
